Performing C SOURCE FILE Test CMAKE_HAVE_LIBC_PTHREAD failed with the following output:
Change Dir: /home/davidwu/Research/rov_ws/build/CMakeFiles/CMakeTmp

Run Build Command(s):/usr/bin/make cmTC_6bb6e/fast && /usr/bin/make -f CMakeFiles/cmTC_6bb6e.dir/build.make CMakeFiles/cmTC_6bb6e.dir/build
make[1]: Entering directory '/home/davidwu/Research/rov_ws/build/CMakeFiles/CMakeTmp'
Building C object CMakeFiles/cmTC_6bb6e.dir/src.c.o
/usr/lib/ccache/cc   -DCMAKE_HAVE_LIBC_PTHREAD   -o CMakeFiles/cmTC_6bb6e.dir/src.c.o   -c /home/davidwu/Research/rov_ws/build/CMakeFiles/CMakeTmp/src.c
Linking C executable cmTC_6bb6e
/usr/bin/cmake -E cmake_link_script CMakeFiles/cmTC_6bb6e.dir/link.txt --verbose=1
/usr/lib/ccache/cc  -DCMAKE_HAVE_LIBC_PTHREAD    -rdynamic CMakeFiles/cmTC_6bb6e.dir/src.c.o  -o cmTC_6bb6e 
/usr/bin/ld: CMakeFiles/cmTC_6bb6e.dir/src.c.o: in function `main':
src.c:(.text+0x46): undefined reference to `pthread_create'
/usr/bin/ld: src.c:(.text+0x52): undefined reference to `pthread_detach'
/usr/bin/ld: src.c:(.text+0x63): undefined reference to `pthread_join'
collect2: error: ld returned 1 exit status
make[1]: *** [CMakeFiles/cmTC_6bb6e.dir/build.make:87: cmTC_6bb6e] Error 1
make[1]: Leaving directory '/home/davidwu/Research/rov_ws/build/CMakeFiles/CMakeTmp'
make: *** [Makefile:121: cmTC_6bb6e/fast] Error 2


Source file was:
#include <pthread.h>

void* test_func(void* data)
{
  return data;
}

int main(void)
{
  pthread_t thread;
  pthread_create(&thread, NULL, test_func, NULL);
  pthread_detach(thread);
  pthread_join(thread, NULL);
  pthread_atfork(NULL, NULL, NULL);
  pthread_exit(NULL);

  return 0;
}

Determining if the function pthread_create exists in the pthreads failed with the following output:
Change Dir: /home/davidwu/Research/rov_ws/build/CMakeFiles/CMakeTmp

Run Build Command(s):/usr/bin/make cmTC_1decc/fast && /usr/bin/make -f CMakeFiles/cmTC_1decc.dir/build.make CMakeFiles/cmTC_1decc.dir/build
make[1]: Entering directory '/home/davidwu/Research/rov_ws/build/CMakeFiles/CMakeTmp'
Building C object CMakeFiles/cmTC_1decc.dir/CheckFunctionExists.c.o
/usr/lib/ccache/cc   -DCHECK_FUNCTION_EXISTS=pthread_create   -o CMakeFiles/cmTC_1decc.dir/CheckFunctionExists.c.o   -c /usr/share/cmake-3.16/Modules/CheckFunctionExists.c
Linking C executable cmTC_1decc
/usr/bin/cmake -E cmake_link_script CMakeFiles/cmTC_1decc.dir/link.txt --verbose=1
/usr/lib/ccache/cc  -DCHECK_FUNCTION_EXISTS=pthread_create    -rdynamic CMakeFiles/cmTC_1decc.dir/CheckFunctionExists.c.o  -o cmTC_1decc  -lpthreads 
/usr/bin/ld: cannot find -lpthreads
collect2: error: ld returned 1 exit status
make[1]: *** [CMakeFiles/cmTC_1decc.dir/build.make:87: cmTC_1decc] Error 1
make[1]: Leaving directory '/home/davidwu/Research/rov_ws/build/CMakeFiles/CMakeTmp'
make: *** [Makefile:121: cmTC_1decc/fast] Error 2



Determining if the function sgemm_ exists failed with the following output:
Change Dir: /home/davidwu/Research/rov_ws/build/CMakeFiles/CMakeTmp

Run Build Command(s):/usr/bin/make cmTC_87d10/fast && /usr/bin/make -f CMakeFiles/cmTC_87d10.dir/build.make CMakeFiles/cmTC_87d10.dir/build
make[1]: Entering directory '/home/davidwu/Research/rov_ws/build/CMakeFiles/CMakeTmp'
Building C object CMakeFiles/cmTC_87d10.dir/CheckFunctionExists.c.o
/usr/lib/ccache/cc   -DCHECK_FUNCTION_EXISTS=sgemm_   -o CMakeFiles/cmTC_87d10.dir/CheckFunctionExists.c.o   -c /usr/share/cmake-3.16/Modules/CheckFunctionExists.c
Linking C executable cmTC_87d10
/usr/bin/cmake -E cmake_link_script CMakeFiles/cmTC_87d10.dir/link.txt --verbose=1
/usr/lib/ccache/cc  -DCHECK_FUNCTION_EXISTS=sgemm_    -rdynamic CMakeFiles/cmTC_87d10.dir/CheckFunctionExists.c.o  -o cmTC_87d10 
/usr/bin/ld: CMakeFiles/cmTC_87d10.dir/CheckFunctionExists.c.o: in function `main':
CheckFunctionExists.c:(.text+0x14): undefined reference to `sgemm_'
collect2: error: ld returned 1 exit status
make[1]: *** [CMakeFiles/cmTC_87d10.dir/build.make:87: cmTC_87d10] Error 1
make[1]: Leaving directory '/home/davidwu/Research/rov_ws/build/CMakeFiles/CMakeTmp'
make: *** [Makefile:121: cmTC_87d10/fast] Error 2



Determining if the function cheev_ exists failed with the following output:
Change Dir: /home/davidwu/Research/rov_ws/build/CMakeFiles/CMakeTmp

Run Build Command(s):/usr/bin/make cmTC_cc19a/fast && /usr/bin/make -f CMakeFiles/cmTC_cc19a.dir/build.make CMakeFiles/cmTC_cc19a.dir/build
make[1]: Entering directory '/home/davidwu/Research/rov_ws/build/CMakeFiles/CMakeTmp'
Building C object CMakeFiles/cmTC_cc19a.dir/CheckFunctionExists.c.o
/usr/lib/ccache/cc   -DCHECK_FUNCTION_EXISTS=cheev_   -o CMakeFiles/cmTC_cc19a.dir/CheckFunctionExists.c.o   -c /usr/share/cmake-3.16/Modules/CheckFunctionExists.c
Linking C executable cmTC_cc19a
/usr/bin/cmake -E cmake_link_script CMakeFiles/cmTC_cc19a.dir/link.txt --verbose=1
/usr/lib/ccache/cc  -DCHECK_FUNCTION_EXISTS=cheev_    -rdynamic CMakeFiles/cmTC_cc19a.dir/CheckFunctionExists.c.o  -o cmTC_cc19a  /usr/lib/x86_64-linux-gnu/libf77blas.so /usr/lib/x86_64-linux-gnu/libatlas.so 
/usr/bin/ld: CMakeFiles/cmTC_cc19a.dir/CheckFunctionExists.c.o: in function `main':
CheckFunctionExists.c:(.text+0x14): undefined reference to `cheev_'
collect2: error: ld returned 1 exit status
make[1]: *** [CMakeFiles/cmTC_cc19a.dir/build.make:89: cmTC_cc19a] Error 1
make[1]: Leaving directory '/home/davidwu/Research/rov_ws/build/CMakeFiles/CMakeTmp'
make: *** [Makefile:121: cmTC_cc19a/fast] Error 2



